build/app/outputs/mapping/release/seeds.txt
androidx.window.layout.SidecarCompat$DistinctElementCallback: java.util.concurrent.locks.ReentrantLock lock
kotlinx.coroutines.scheduling.CoroutineScheduler$Worker: java.lang.Object nextParkedWorker
androidx.window.java.layout.WindowInfoTrackerCallbackAdapter: androidx.window.layout.WindowInfoTracker tracker
androidx.window.layout.FoldingFeature$State: java.lang.String description
kotlinx.coroutines.EventLoopImplBase: java.lang.Object _delayed
androidx.window.layout.WindowMetricsCalculatorCompat: androidx.window.layout.WindowMetricsCalculatorCompat INSTANCE
androidx.window.java.layout.WindowInfoTrackerCallbackAdapter$addListener$1$1: kotlinx.coroutines.flow.Flow $flow
androidx.window.R$styleable: int SplitPlaceholderRule_placeholderActivityName
io.flutter.view.FlutterCallbackInformation: java.lang.String callbackLibraryPath
androidx.window.layout.WindowMetrics: androidx.window.core.Bounds _bounds
androidx.window.core.Version: int patch
kotlin.coroutines.jvm.internal.SuspendLambda: int arity
androidx.window.R$styleable: int[] SplitPlaceholderRule
kotlinx.coroutines.internal.LockFreeLinkedListNode: java.lang.Object _next
androidx.window.embedding.ExtensionEmbeddingBackend: java.lang.String TAG
androidx.window.R$styleable: int[] ActivityRule
androidx.window.layout.SidecarCompat: androidx.window.layout.SidecarAdapter sidecarAdapter
androidx.window.layout.SidecarWindowBackend: androidx.window.layout.SidecarWindowBackend globalInstance
kotlinx.coroutines.scheduling.CoroutineScheduler: int _isTerminated
kotlinx.coroutines.scheduling.CoroutineScheduler: long parkedWorkersStack
androidx.window.embedding.MatcherUtils: boolean sDebugMatchers
io.flutter.view.AccessibilityViewEmbedder: java.util.Map originToFlutterId
androidx.window.embedding.ActivityRule: boolean alwaysExpand
androidx.window.R$styleable: int SplitPairFilter_secondaryActivityName
io.flutter.view.FlutterCallbackInformation: java.lang.String callbackClassName
androidx.lifecycle.Lifecycle$Event: androidx.lifecycle.Lifecycle$Event ON_DESTROY
androidx.window.embedding.ExtensionEmbeddingBackend$SplitListenerWrapper: java.util.concurrent.Executor executor
io.flutter.view.AccessibilityViewEmbedder: java.util.Map embeddedViewToDisplayBounds
kotlinx.coroutines.EventLoopImplBase: int _isCompleted
kotlinx.coroutines.scheduling.WorkQueue: java.lang.Object lastScheduledTask
androidx.window.layout.ExtensionWindowLayoutInfoBackend$MulticastConsumer: android.app.Activity activity
androidx.window.layout.WindowInfoTracker$Companion: androidx.window.layout.WindowInfoTrackerDecorator decorator
io.flutter.plugin.editing.ImeSyncDeferringInsetsCallback: io.flutter.plugin.editing.ImeSyncDeferringInsetsCallback$AnimationCallback animationCallback
androidx.window.R$attr: int activityName
androidx.window.layout.DisplayCompatHelperApi28: androidx.window.layout.DisplayCompatHelperApi28 INSTANCE
androidx.window.layout.FoldingFeature$OcclusionType: androidx.window.layout.FoldingFeature$OcclusionType$Companion Companion
androidx.window.R$id: int rtl
androidx.window.R$attr: int splitMinSmallestWidth
androidx.window.embedding.SplitInfo: float splitRatio
androidx.window.R$styleable: int SplitPairFilter_primaryActivityName
androidx.window.layout.FoldingFeature$State: androidx.window.layout.FoldingFeature$State FLAT
androidx.window.layout.SidecarCompat$FirstAttachAdapter: androidx.window.layout.SidecarCompat sidecarCompat
androidx.window.core.Bounds: int bottom
androidx.window.embedding.ExtensionEmbeddingBackend$SplitListenerWrapper: java.util.List lastValue
androidx.window.embedding.EmbeddingCompat: androidx.window.embedding.EmbeddingAdapter adapter
io.flutter.plugin.editing.ImeSyncDeferringInsetsCallback: int deferredInsetTypes
androidx.window.R$attr: int splitMinWidth
androidx.window.R$styleable: int[] SplitPairRule
androidx.window.embedding.SplitRule$Api30Impl: androidx.window.embedding.SplitRule$Api30Impl INSTANCE