build/app/outputs/mapping/release/mapping.txt
# compiler: R8
# compiler_version: 3.3.70
# min_api: 16
# common_typos_disable
# {"id":"com.android.tools.r8.mapping","version":"2.0"}
# pg_map_id: 5efa789
# pg_map_hash: SHA-256 5efa789251947f8ef90b24d19772f46c95e52967af2d1ed7207de524d4e9746d
...
io.flutter.embedding.android.FlutterView$$ExternalSyntheticApiModelOutline6 -> io.flutter.embedding.android.u:
# {"id":"sourceFile","fileName":"R8$$SyntheticClass"}
# {"id":"com.android.tools.r8.synthesized"}
    boolean io.flutter.embedding.android.FlutterView$$InternalSyntheticApiModelOutline$1$c4c6007cd547f9ce602424902c34cd0890267c293b00c52a08dd4f1a30e59df3$3.m(android.view.textservice.TextServicesManager) -> a
      # {"id":"com.android.tools.r8.synthesized"}
io.flutter.embedding.android.FlutterView$$ExternalSyntheticLambda7 -> io.flutter.embedding.android.v:
# {"id":"sourceFile","fileName":"R8$$SyntheticClass"}
# {"id":"com.android.tools.r8.synthesized"}
    void io.flutter.embedding.android.FlutterView$$InternalSyntheticLambda$1$c4c6007cd547f9ce602424902c34cd0890267c293b00c52a08dd4f1a30e59df3$2.<init>() -> <init>
      # {"id":"com.android.tools.r8.synthesized"}
    boolean io.flutter.embedding.android.FlutterView$$InternalSyntheticLambda$1$c4c6007cd547f9ce602424902c34cd0890267c293b00c52a08dd4f1a30e59df3$2.test(java.lang.Object) -> test
      # {"id":"com.android.tools.r8.synthesized"}
io.flutter.embedding.android.FlutterView$1 -> io.flutter.embedding.android.w$a:
    io.flutter.embedding.android.FlutterView this$0 -> a
    void onAccessibilityChanged(boolean,boolean) -> a
io.flutter.embedding.android.FlutterView$2 -> io.flutter.embedding.android.w$b:
    io.flutter.embedding.android.FlutterView this$0 -> a
io.flutter.embedding.android.FlutterView$3 -> io.flutter.embedding.android.w$c:
    io.flutter.embedding.android.FlutterView this$0 -> a
    void onFlutterUiNoLongerDisplayed() -> b
    void onFlutterUiDisplayed() -> d
io.flutter.embedding.android.FlutterView$4 -> io.flutter.embedding.android.w$d:
    io.flutter.embedding.android.FlutterView this$0 -> a
    void accept(androidx.window.layout.WindowLayoutInfo) -> a
io.flutter.embedding.android.FlutterView$5 -> io.flutter.embedding.android.w$e:
    java.lang.Runnable val$onDone -> b
    io.flutter.embedding.engine.renderer.FlutterRenderer val$renderer -> a
    io.flutter.embedding.android.FlutterView this$0 -> c
    void onFlutterUiNoLongerDisplayed() -> b
    void onFlutterUiDisplayed() -> d
io.flutter.embedding.android.FlutterView$FlutterEngineAttachmentListener -> io.flutter.embedding.android.w$f:
    void onFlutterEngineAttachedToFlutterView(io.flutter.embedding.engine.FlutterEngine) -> a
    void onFlutterEngineDetachedFromFlutterView() -> b
io.flutter.embedding.android.FlutterView$ZeroSides -> io.flutter.embedding.android.w$g:
    io.flutter.embedding.android.FlutterView$ZeroSides[] $VALUES -> h
    io.flutter.embedding.android.FlutterView$ZeroSides BOTH -> g
    io.flutter.embedding.android.FlutterView$ZeroSides RIGHT -> f
    io.flutter.embedding.android.FlutterView$ZeroSides LEFT -> e
    io.flutter.embedding.android.FlutterView$ZeroSides NONE -> d
io.flutter.embedding.android.KeyChannelResponder -> io.flutter.embedding.android.y:
    io.flutter.embedding.engine.systemchannels.KeyEventChannel keyEventChannel -> a
    io.flutter.embedding.android.KeyboardManager$CharacterCombiner characterCombiner -> b
    void handleEvent(android.view.KeyEvent,io.flutter.embedding.android.KeyboardManager$Responder$OnKeyEventHandledCallback) -> a
    void $r8$lambda$2j1oQDNrug8exq2tp8d8ktXWyJI(io.flutter.embedding.android.KeyboardManager$Responder$OnKeyEventHandledCallback,boolean) -> b
      # {"id":"com.android.tools.r8.synthesized"}
    void lambda$handleEvent$0(io.flutter.embedding.android.KeyboardManager$Responder$OnKeyEventHandledCallback,boolean) -> c