build/app/outputs/mapping/release/usage.txt
kotlinx.coroutines.flow.FlowKt__TransformKt$mapNotNull$$inlined$unsafeTransform$1$1
kotlinx.coroutines.flow.FlowKt__TransformKt$mapNotNull$$inlined$unsafeTransform$1$2$1
kotlinx.coroutines.flow.FlowKt__TransformKt$mapNotNull$$inlined$unsafeTransform$1$2
kotlinx.coroutines.flow.FlowKt__TransformKt$mapNotNull$$inlined$unsafeTransform$1
kotlinx.coroutines.flow.FlowKt__TransformKt$onEach$$inlined$unsafeTransform$1$2$1
kotlinx.coroutines.flow.FlowKt__TransformKt$onEach$$inlined$unsafeTransform$1$2
kotlinx.coroutines.flow.FlowKt__TransformKt$onEach$$inlined$unsafeTransform$1
kotlinx.coroutines.flow.FlowKt__TransformKt$runningFold$$inlined$unsafeFlow$1$1
kotlinx.coroutines.flow.FlowKt__TransformKt$runningFold$$inlined$unsafeFlow$1
kotlinx.coroutines.flow.FlowKt__TransformKt$runningFold$lambda-10$$inlined$collect$1$1
kotlinx.coroutines.flow.FlowKt__TransformKt$runningFold$lambda-10$$inlined$collect$1
kotlinx.coroutines.flow.FlowKt__TransformKt$runningReduce$$inlined$unsafeFlow$1
kotlinx.coroutines.flow.FlowKt__TransformKt$runningReduce$lambda-12$$inlined$collect$1$1
kotlinx.coroutines.flow.FlowKt__TransformKt$runningReduce$lambda-12$$inlined$collect$1
kotlinx.coroutines.flow.FlowKt__TransformKt$withIndex$$inlined$unsafeFlow$1
kotlinx.coroutines.flow.FlowKt__TransformKt$withIndex$lambda-7$$inlined$collect$1
kotlinx.coroutines.flow.FlowKt__TransformKt
kotlinx.coroutines.flow.FlowKt__ZipKt$combine$$inlined$combineUnsafe$FlowKt__ZipKt$1$2
kotlinx.coroutines.flow.FlowKt__ZipKt$combine$$inlined$combineUnsafe$FlowKt__ZipKt$1
kotlinx.coroutines.flow.FlowKt__ZipKt$combine$$inlined$combineUnsafe$FlowKt__ZipKt$2$2
kotlinx.coroutines.flow.FlowKt__ZipKt$combine$$inlined$combineUnsafe$FlowKt__ZipKt$2
kotlinx.coroutines.flow.FlowKt__ZipKt$combine$$inlined$combineUnsafe$FlowKt__ZipKt$3$2
kotlinx.coroutines.flow.FlowKt__ZipKt$combine$$inlined$combineUnsafe$FlowKt__ZipKt$3
kotlinx.coroutines.flow.FlowKt__ZipKt$combine$$inlined$unsafeFlow$1
kotlinx.coroutines.flow.FlowKt__ZipKt$combine$$inlined$unsafeFlow$2$1
kotlinx.coroutines.flow.FlowKt__ZipKt$combine$$inlined$unsafeFlow$2
kotlinx.coroutines.flow.FlowKt__ZipKt$combine$$inlined$unsafeFlow$3$1
kotlinx.coroutines.flow.FlowKt__ZipKt$combine$$inlined$unsafeFlow$3
kotlinx.coroutines.flow.FlowKt__ZipKt$combine$1$1
kotlinx.coroutines.flow.FlowKt__ZipKt$combine$5$1
kotlinx.coroutines.flow.FlowKt__ZipKt$combine$5$2
kotlinx.coroutines.flow.FlowKt__ZipKt$combine$6$1
kotlinx.coroutines.flow.FlowKt__ZipKt$combine$6$2
kotlinx.coroutines.flow.FlowKt__ZipKt$combineTransform$$inlined$combineTransformUnsafe$FlowKt__ZipKt$1$1
kotlinx.coroutines.flow.FlowKt__ZipKt$combineTransform$$inlined$combineTransformUnsafe$FlowKt__ZipKt$1
kotlinx.coroutines.flow.FlowKt__ZipKt$combineTransform$$inlined$combineTransformUnsafe$FlowKt__ZipKt$2$1
kotlinx.coroutines.flow.FlowKt__ZipKt$combineTransform$$inlined$combineTransformUnsafe$FlowKt__ZipKt$2
kotlinx.coroutines.flow.FlowKt__ZipKt$combineTransform$$inlined$combineTransformUnsafe$FlowKt__ZipKt$3$1
kotlinx.coroutines.flow.FlowKt__ZipKt$combineTransform$$inlined$combineTransformUnsafe$FlowKt__ZipKt$3
kotlinx.coroutines.flow.FlowKt__ZipKt$combineTransform$$inlined$combineTransformUnsafe$FlowKt__ZipKt$4$1
kotlinx.coroutines.flow.FlowKt__ZipKt$combineTransform$$inlined$combineTransformUnsafe$FlowKt__ZipKt$4
kotlinx.coroutines.flow.FlowKt__ZipKt$combineTransform$$inlined$combineTransformUnsafe$FlowKt__ZipKt$5$1
kotlinx.coroutines.flow.FlowKt__ZipKt$combineTransform$$inlined$combineTransformUnsafe$FlowKt__ZipKt$5
kotlinx.coroutines.flow.FlowKt__ZipKt$combineTransform$6$1
kotlinx.coroutines.flow.FlowKt__ZipKt$combineTransform$6$2
kotlinx.coroutines.flow.FlowKt__ZipKt$combineTransform$6
kotlinx.coroutines.flow.FlowKt__ZipKt$combineTransform$7$1
kotlinx.coroutines.flow.FlowKt__ZipKt$combineTransform$7$2
kotlinx.coroutines.flow.FlowKt__ZipKt$combineTransform$7
kotlinx.coroutines.flow.FlowKt__ZipKt$combineTransformUnsafe$1$1
kotlinx.coroutines.flow.FlowKt__ZipKt$combineTransformUnsafe$1